Arguments: 
  C:\Program Files\nodejs\node.exe C:\Users\ACER\AppData\Local\node\corepack\yarn\1.22.19\bin\yarn.js init

PATH: 
  C:\Python310\Scripts\;C:\Python310\;C:\Program Files\Common Files\Oracle\Java\javapath;C:\Windows\system32;C:\Windows;C:\Windows\System32\Wbem;C:\Windows\System32\WindowsPowerShell\v1.0\;C:\Windows\System32\OpenSSH\;C:\mingw64\bin;C:\mingw-w64-bin_x86_64-mingw_20111101_sezero\mingw64\bin;C:\Program Files\nodejs;C:\Program Files\Git\cmd;C:\Users\ACER\AppData\Local\Microsoft\WindowsApps;;C:\Users\ACER\AppData\Local\Programs\Microsoft VS Code\bin;C:\Users\ACER\AppData\Roaming\npm;C:\Program Files\heroku\bin

Yarn version: 
  1.22.19

Node version: 
  16.17.1

Platform: 
  win32 x64

Trace: 
  Error: canceled
      at Interface.<anonymous> (C:\Users\ACER\AppData\Local\node\corepack\yarn\1.22.19\lib\cli.js:137150:13)
      at Interface.emit (node:events:513:28)
      at Interface._ttyWrite (node:readline:1085:16)
      at ReadStream.onkeypress (node:readline:291:10)
      at ReadStream.emit (node:events:513:28)
      at emitKeys (node:internal/readline/utils:357:14)
      at emitKeys.next (<anonymous>)
      at ReadStream.onData (node:internal/readline/emitKeypressEvents:61:36)
      at ReadStream.emit (node:events:513:28)
      at addChunk (node:internal/streams/readable:315:12)

npm manifest: 
  {
    "name": "boult-token",
    "version": "1.0.0",
    "description": "",
    "scripts": {
      
    },
    "license": "MIT",
    "devDependencies": {
      "@nomicfoundation/hardhat-verify": "^1.0.4",
      "@nomiclabs/hardhat-ethers": "npm:hardhat-deploy-ethers@^0.3.0-beta.13",
      "@nomiclabs/hardhat-etherscan": "^3.0.0",
      "@nomiclabs/hardhat-waffle": "^2.0.1",
      "chai": "^4.3.4",
      "ethereum-waffle": "^3.4.0",
      "ethers": "^5.5.1",
      "hardhat": "^2.6.7",
      "hardhat-contract-sizer": "^2.4.0",
      "hardhat-deploy": "^0.9.29",
      "hardhat-gas-reporter": "^1.0.7",
      "prettier": "^2.4.1",
      "prettier-plugin-solidity": "^1.0.0-beta.19",
      "solhint": "^3.3.6",
      "solidity-coverage": "^0.7.13"
    },
    "dependencies": {
      "@chainlink/contracts": "^0.5.1",
      "@chainlink/test-helpers": "^0.0.7-alpha",
      "@chainlink/token": "^1.1.0",
      "@openzeppelin/contracts": "^4.5.0",
      "babel-eslint": "^10.1.0",
      "dotenv": "^10.0.0"
    },
    "main": "index.js"
  }

yarn manifest: 
  No manifest

Lockfile: 
  No lockfile
